ERC report (2022/03/12 22:47:44, Encoding UTF8)

***** Sheet /
[power_pin_not_driven]: Input Power pin not driven by any Output Power pins
    ; Severity: error
    @(253,37 mm, 24,13 mm): Symbol #PWR03 [+5V] Pin 1 [+5V, Power input, Line]
[power_pin_not_driven]: Input Power pin not driven by any Output Power pins
    ; Severity: error
    @(253,37 mm, 34,29 mm): Symbol #PWR09 [VDD] Pin 1 [VDD, Power input, Line]
[power_pin_not_driven]: Input Power pin not driven by any Output Power pins
    ; Severity: error
    @(231,78 mm, 24,13 mm): Symbol #PWR02 [+3V0] Pin 1 [+3V0, Power input, Line]

***** Sheet /Power/

***** Sheet /Sensing/
[pin_to_pin]: Pins of type Output and Output are connected
    ; Severity: error
    @(152,40 mm, 102,87 mm): Symbol U3A [4011] Pin 3 [, Output, Inverted]
    @(152,40 mm, 102,87 mm): Symbol U3B [4011] Pin 4 [, Output, Inverted]
[pin_not_driven]: Input pin not driven by any Output pins
    ; Severity: error
    @(186,69 mm, 123,19 mm): Symbol U2 [LTR-303ALS-01] Pin 4 [SCL, Input, Line]
[power_pin_not_driven]: Input Power pin not driven by any Output Power pins
    ; Severity: error
    @(176,53 mm, 130,81 mm): Symbol U2 [LTR-303ALS-01] Pin 3 [GND, Power input, Line]
[power_pin_not_driven]: Input Power pin not driven by any Output Power pins
    ; Severity: error
    @(176,53 mm, 110,49 mm): Symbol U2 [LTR-303ALS-01] Pin 1 [VDD, Power input, Line]
[pin_not_driven]: Input pin not driven by any Output pins
    ; Severity: error
    @(154,94 mm, 133,35 mm): Symbol U3C [4011] Pin 9 [, Input, Line]
[pin_not_connected]: Pin not connected
    ; Severity: error
    @(152,40 mm, 118,11 mm): Symbol U3C [4011] Pin 10 [, Output, Inverted]
[pin_not_driven]: Input pin not driven by any Output pins
    ; Severity: error
    @(149,86 mm, 133,35 mm): Symbol U3C [4011] Pin 8 [, Input, Line]
[pin_not_driven]: Input pin not driven by any Output pins
    ; Severity: error
    @(154,94 mm, 118,11 mm): Symbol U3A [4011] Pin 2 [, Input, Line]
[pin_not_connected]: Pin not connected
    ; Severity: error
    @(111,76 mm, 115,57 mm): Symbol R3 [R_Small_US] Pin 2 [, Passive, Line]
[pin_not_connected]: Pin not connected
    ; Severity: error
    @(105,41 mm, 115,57 mm): Symbol R2 [R_Small_US] Pin 2 [, Passive, Line]
[pin_not_connected]: Pin not connected
    ; Severity: error
    @(99,06 mm, 115,57 mm): Symbol R1 [R_Small_US] Pin 2 [, Passive, Line]
[bus_to_net_conflict]: Invalid connection between bus and net items
    ; Severity: error
    @(204,47 mm, 123,19 mm): Global Label 'uController F7'
    @(204,47 mm, 123,19 mm): Horizontal Bus, length 17,78 mm
[pin_not_connected]: Pin not connected
    ; Severity: error
    @(189,23 mm, 115,57 mm): Symbol R6 [R_Small_US] Pin 2 [, Passive, Line]
[pin_not_connected]: Pin not connected
    ; Severity: error
    @(195,58 mm, 115,57 mm): Symbol R5 [R_Small_US] Pin 2 [, Passive, Line]
[pin_not_connected]: Pin not connected
    ; Severity: error
    @(201,93 mm, 115,57 mm): Symbol R4 [R_Small_US] Pin 2 [, Passive, Line]
[bus_to_net_conflict]: Invalid connection between bus and net items
    ; Severity: error
    @(204,47 mm, 118,11 mm): Global Label 'uController F6'
    @(204,47 mm, 118,11 mm): Horizontal Bus, length 17,78 mm

***** Sheet /microcontroller_interfacing/

***** Sheet /Outputs/

 ** ERC messages: 19  Errors 19  Warnings 0
